./src/lcov/lcov --directory . --zerocounters
Deleting all .da files in . and subdirectories
Done.
Making check in src
make[1]: Entering directory `/home1/07665/shrey911/cse380-2020-student-Shreyas911/proj02/src'
make[1]: Nothing to be done for `check'.
make[1]: Leaving directory `/home1/07665/shrey911/cse380-2020-student-Shreyas911/proj02/src'
Making check in tests
make[1]: Entering directory `/home1/07665/shrey911/cse380-2020-student-Shreyas911/proj02/tests'
make  check-TESTS
make[2]: Entering directory `/home1/07665/shrey911/cse380-2020-student-Shreyas911/proj02/tests'
make[3]: Entering directory `/home1/07665/shrey911/cse380-2020-student-Shreyas911/proj02/tests'
PASS: test.sh
============================================================================
Testsuite summary for FULL-PACKAGE-NAME VERSION
============================================================================
# TOTAL: 1
# PASS:  1
# SKIP:  0
# XFAIL: 0
# FAIL:  0
# XPASS: 0
# ERROR: 0
============================================================================
make[3]: Leaving directory `/home1/07665/shrey911/cse380-2020-student-Shreyas911/proj02/tests'
make[2]: Leaving directory `/home1/07665/shrey911/cse380-2020-student-Shreyas911/proj02/tests'
make[1]: Leaving directory `/home1/07665/shrey911/cse380-2020-student-Shreyas911/proj02/tests'
make[1]: Entering directory `/home1/07665/shrey911/cse380-2020-student-Shreyas911/proj02'
make[1]: Leaving directory `/home1/07665/shrey911/cse380-2020-student-Shreyas911/proj02'
./src/lcov/lcov --compat-libtool --directory . --capture --output-file ./coverage/lcov/lcov.info
Capturing coverage data from .
Found gcov version: 8.3.0
Scanning . for .gcda files ...
geninfo: WARNING: /home1/07665/shrey911/cse380-2020-student-Shreyas911/proj02/src/print.gcno: Overlong record at end of file!
Found 6 data files in .
Processing src/print.gcda
geninfo: WARNING: cannot find an entry for #opt#ohpc#pub#compiler#gcc#8.3.0#include#c++#8.3.0#bits#alloc_traits.h.gcov in .gcno file, skipping file!
geninfo: WARNING: cannot find an entry for #opt#ohpc#pub#compiler#gcc#8.3.0#include#c++#8.3.0#bits#allocator.h.gcov in .gcno file, skipping file!
geninfo: WARNING: cannot find an entry for #opt#ohpc#pub#compiler#gcc#8.3.0#include#c++#8.3.0#bits#basic_string.h.gcov in .gcno file, skipping file!
geninfo: WARNING: cannot find an entry for #opt#ohpc#pub#compiler#gcc#8.3.0#include#c++#8.3.0#bits#basic_string.tcc.gcov in .gcno file, skipping file!
geninfo: WARNING: cannot find an entry for #opt#ohpc#pub#compiler#gcc#8.3.0#include#c++#8.3.0#bits#char_traits.h.gcov in .gcno file, skipping file!
geninfo: WARNING: cannot find an entry for #opt#ohpc#pub#compiler#gcc#8.3.0#include#c++#8.3.0#bits#locale_facets.h.gcov in .gcno file, skipping file!
geninfo: WARNING: cannot find an entry for #opt#ohpc#pub#compiler#gcc#8.3.0#include#c++#8.3.0#bits#move.h.gcov in .gcno file, skipping file!
geninfo: WARNING: cannot find an entry for #opt#ohpc#pub#compiler#gcc#8.3.0#include#c++#8.3.0#bits#ptr_traits.h.gcov in .gcno file, skipping file!
geninfo: WARNING: cannot find an entry for #opt#ohpc#pub#compiler#gcc#8.3.0#include#c++#8.3.0#bits#stl_iterator_base_funcs.h.gcov in .gcno file, skipping file!
geninfo: WARNING: cannot find an entry for #opt#ohpc#pub#compiler#gcc#8.3.0#include#c++#8.3.0#ext#new_allocator.h.gcov in .gcno file, skipping file!
geninfo: WARNING: cannot find an entry for #opt#ohpc#pub#compiler#gcc#8.3.0#include#c++#8.3.0#ostream.gcov in .gcno file, skipping file!
geninfo: WARNING: cannot find an entry for print.cpp.gcov in .gcno file, skipping file!
geninfo: WARNING: /home1/07665/shrey911/cse380-2020-student-Shreyas911/proj02/src/matrix_assemble.gcno: Overlong record at end of file!
Processing src/matrix_assemble.gcda
geninfo: WARNING: cannot find an entry for #opt#ohpc#pub#compiler#gcc#8.3.0#include#c++#8.3.0#bits#alloc_traits.h.gcov in .gcno file, skipping file!
geninfo: WARNING: cannot find an entry for #opt#ohpc#pub#compiler#gcc#8.3.0#include#c++#8.3.0#bits#allocator.h.gcov in .gcno file, skipping file!
geninfo: WARNING: cannot find an entry for #opt#ohpc#pub#compiler#gcc#8.3.0#include#c++#8.3.0#bits#basic_string.h.gcov in .gcno file, skipping file!
geninfo: WARNING: cannot find an entry for #opt#ohpc#pub#compiler#gcc#8.3.0#include#c++#8.3.0#bits#basic_string.tcc.gcov in .gcno file, skipping file!
geninfo: WARNING: cannot find an entry for #opt#ohpc#pub#compiler#gcc#8.3.0#include#c++#8.3.0#bits#char_traits.h.gcov in .gcno file, skipping file!
geninfo: WARNING: cannot find an entry for #opt#ohpc#pub#compiler#gcc#8.3.0#include#c++#8.3.0#bits#move.h.gcov in .gcno file, skipping file!
geninfo: WARNING: cannot find an entry for #opt#ohpc#pub#compiler#gcc#8.3.0#include#c++#8.3.0#bits#ptr_traits.h.gcov in .gcno file, skipping file!
geninfo: WARNING: cannot find an entry for #opt#ohpc#pub#compiler#gcc#8.3.0#include#c++#8.3.0#bits#stl_iterator_base_funcs.h.gcov in .gcno file, skipping file!
geninfo: WARNING: cannot find an entry for #opt#ohpc#pub#compiler#gcc#8.3.0#include#c++#8.3.0#ext#new_allocator.h.gcov in .gcno file, skipping file!
geninfo: WARNING: cannot find an entry for matrix_assemble.cpp.gcov in .gcno file, skipping file!
geninfo: WARNING: /home1/07665/shrey911/cse380-2020-student-Shreyas911/proj02/src/T_exact_assemble.gcno: Overlong record at end of file!
Processing src/T_exact_assemble.gcda
geninfo: WARNING: cannot find an entry for #opt#ohpc#pub#compiler#gcc#8.3.0#include#c++#8.3.0#bits#alloc_traits.h.gcov in .gcno file, skipping file!
geninfo: WARNING: cannot find an entry for #opt#ohpc#pub#compiler#gcc#8.3.0#include#c++#8.3.0#bits#allocator.h.gcov in .gcno file, skipping file!
geninfo: WARNING: cannot find an entry for #opt#ohpc#pub#compiler#gcc#8.3.0#include#c++#8.3.0#bits#basic_string.h.gcov in .gcno file, skipping file!
geninfo: WARNING: cannot find an entry for #opt#ohpc#pub#compiler#gcc#8.3.0#include#c++#8.3.0#bits#basic_string.tcc.gcov in .gcno file, skipping file!
geninfo: WARNING: cannot find an entry for #opt#ohpc#pub#compiler#gcc#8.3.0#include#c++#8.3.0#bits#char_traits.h.gcov in .gcno file, skipping file!
geninfo: WARNING: cannot find an entry for #opt#ohpc#pub#compiler#gcc#8.3.0#include#c++#8.3.0#bits#move.h.gcov in .gcno file, skipping file!
geninfo: WARNING: cannot find an entry for #opt#ohpc#pub#compiler#gcc#8.3.0#include#c++#8.3.0#bits#ptr_traits.h.gcov in .gcno file, skipping file!
geninfo: WARNING: cannot find an entry for #opt#ohpc#pub#compiler#gcc#8.3.0#include#c++#8.3.0#bits#stl_iterator_base_funcs.h.gcov in .gcno file, skipping file!
geninfo: WARNING: cannot find an entry for #opt#ohpc#pub#compiler#gcc#8.3.0#include#c++#8.3.0#ext#new_allocator.h.gcov in .gcno file, skipping file!
geninfo: WARNING: cannot find an entry for T_exact_assemble.cpp.gcov in .gcno file, skipping file!
geninfo: WARNING: /home1/07665/shrey911/cse380-2020-student-Shreyas911/proj02/src/solvers.gcno: Overlong record at end of file!
Processing src/solvers.gcda
geninfo: WARNING: cannot find an entry for #opt#ohpc#pub#compiler#gcc#8.3.0#include#c++#8.3.0#bits#alloc_traits.h.gcov in .gcno file, skipping file!
geninfo: WARNING: cannot find an entry for #opt#ohpc#pub#compiler#gcc#8.3.0#include#c++#8.3.0#bits#allocator.h.gcov in .gcno file, skipping file!
geninfo: WARNING: cannot find an entry for #opt#ohpc#pub#compiler#gcc#8.3.0#include#c++#8.3.0#bits#basic_string.h.gcov in .gcno file, skipping file!
geninfo: WARNING: cannot find an entry for #opt#ohpc#pub#compiler#gcc#8.3.0#include#c++#8.3.0#bits#basic_string.tcc.gcov in .gcno file, skipping file!
geninfo: WARNING: cannot find an entry for #opt#ohpc#pub#compiler#gcc#8.3.0#include#c++#8.3.0#bits#char_traits.h.gcov in .gcno file, skipping file!
geninfo: WARNING: cannot find an entry for #opt#ohpc#pub#compiler#gcc#8.3.0#include#c++#8.3.0#bits#move.h.gcov in .gcno file, skipping file!
geninfo: WARNING: cannot find an entry for #opt#ohpc#pub#compiler#gcc#8.3.0#include#c++#8.3.0#bits#ptr_traits.h.gcov in .gcno file, skipping file!
geninfo: WARNING: cannot find an entry for #opt#ohpc#pub#compiler#gcc#8.3.0#include#c++#8.3.0#bits#stl_iterator_base_funcs.h.gcov in .gcno file, skipping file!
geninfo: WARNING: cannot find an entry for #opt#ohpc#pub#compiler#gcc#8.3.0#include#c++#8.3.0#cmath.gcov in .gcno file, skipping file!
geninfo: WARNING: cannot find an entry for #opt#ohpc#pub#compiler#gcc#8.3.0#include#c++#8.3.0#ext#new_allocator.h.gcov in .gcno file, skipping file!
geninfo: WARNING: cannot find an entry for solvers.cpp.gcov in .gcno file, skipping file!
geninfo: WARNING: /home1/07665/shrey911/cse380-2020-student-Shreyas911/proj02/src/q_assemble.gcno: Overlong record at end of file!
Processing src/q_assemble.gcda
geninfo: WARNING: cannot find an entry for #opt#ohpc#pub#compiler#gcc#8.3.0#include#c++#8.3.0#bits#alloc_traits.h.gcov in .gcno file, skipping file!
geninfo: WARNING: cannot find an entry for #opt#ohpc#pub#compiler#gcc#8.3.0#include#c++#8.3.0#bits#allocator.h.gcov in .gcno file, skipping file!
geninfo: WARNING: cannot find an entry for #opt#ohpc#pub#compiler#gcc#8.3.0#include#c++#8.3.0#bits#basic_string.h.gcov in .gcno file, skipping file!
geninfo: WARNING: cannot find an entry for #opt#ohpc#pub#compiler#gcc#8.3.0#include#c++#8.3.0#bits#basic_string.tcc.gcov in .gcno file, skipping file!
geninfo: WARNING: cannot find an entry for #opt#ohpc#pub#compiler#gcc#8.3.0#include#c++#8.3.0#bits#char_traits.h.gcov in .gcno file, skipping file!
geninfo: WARNING: cannot find an entry for #opt#ohpc#pub#compiler#gcc#8.3.0#include#c++#8.3.0#bits#move.h.gcov in .gcno file, skipping file!
geninfo: WARNING: cannot find an entry for #opt#ohpc#pub#compiler#gcc#8.3.0#include#c++#8.3.0#bits#ptr_traits.h.gcov in .gcno file, skipping file!
geninfo: WARNING: cannot find an entry for #opt#ohpc#pub#compiler#gcc#8.3.0#include#c++#8.3.0#bits#stl_iterator_base_funcs.h.gcov in .gcno file, skipping file!
geninfo: WARNING: cannot find an entry for #opt#ohpc#pub#compiler#gcc#8.3.0#include#c++#8.3.0#cmath.gcov in .gcno file, skipping file!
geninfo: WARNING: cannot find an entry for #opt#ohpc#pub#compiler#gcc#8.3.0#include#c++#8.3.0#ext#new_allocator.h.gcov in .gcno file, skipping file!
geninfo: WARNING: cannot find an entry for q_assemble.cpp.gcov in .gcno file, skipping file!
geninfo: WARNING: /home1/07665/shrey911/cse380-2020-student-Shreyas911/proj02/src/main.gcno: Overlong record at end of file!
Processing src/main.gcda
geninfo: WARNING: cannot find an entry for #opt#ohpc#pub#compiler#gcc#8.3.0#include#c++#8.3.0#bits#alloc_traits.h.gcov in .gcno file, skipping file!
geninfo: WARNING: cannot find an entry for #opt#ohpc#pub#compiler#gcc#8.3.0#include#c++#8.3.0#bits#allocator.h.gcov in .gcno file, skipping file!
geninfo: WARNING: cannot find an entry for #opt#ohpc#pub#compiler#gcc#8.3.0#include#c++#8.3.0#bits#basic_string.h.gcov in .gcno file, skipping file!
geninfo: WARNING: cannot find an entry for #opt#ohpc#pub#compiler#gcc#8.3.0#include#c++#8.3.0#bits#basic_string.tcc.gcov in .gcno file, skipping file!
geninfo: WARNING: cannot find an entry for #opt#ohpc#pub#compiler#gcc#8.3.0#include#c++#8.3.0#bits#char_traits.h.gcov in .gcno file, skipping file!
geninfo: WARNING: cannot find an entry for #opt#ohpc#pub#compiler#gcc#8.3.0#include#c++#8.3.0#bits#locale_facets.h.gcov in .gcno file, skipping file!
geninfo: WARNING: cannot find an entry for #opt#ohpc#pub#compiler#gcc#8.3.0#include#c++#8.3.0#bits#move.h.gcov in .gcno file, skipping file!
geninfo: WARNING: cannot find an entry for #opt#ohpc#pub#compiler#gcc#8.3.0#include#c++#8.3.0#bits#ptr_traits.h.gcov in .gcno file, skipping file!
geninfo: WARNING: cannot find an entry for #opt#ohpc#pub#compiler#gcc#8.3.0#include#c++#8.3.0#bits#stl_iterator_base_funcs.h.gcov in .gcno file, skipping file!
geninfo: WARNING: cannot find an entry for #opt#ohpc#pub#compiler#gcc#8.3.0#include#c++#8.3.0#ext#new_allocator.h.gcov in .gcno file, skipping file!
geninfo: WARNING: cannot find an entry for #opt#ohpc#pub#compiler#gcc#8.3.0#include#c++#8.3.0#ostream.gcov in .gcno file, skipping file!
geninfo: WARNING: cannot find an entry for main.cpp.gcov in .gcno file, skipping file!
Finished .info-file creation
./src/lcov/lcov --list-full-path -l ./coverage/lcov/lcov.info | grep -v "`cd -P ./src && pwd`" | cut -d\| -f1 > ./coverage/lcov/remove
Reading tracefile ./coverage/lcov/lcov.info
lcov: ERROR: no valid records found in tracefile ./coverage/lcov/lcov.info
./src/lcov/lcov -q -r ./coverage/lcov/lcov.info `cat ./coverage/lcov/remove` > ./coverage/lcov/lcov.cleaned.info
lcov: ERROR: no valid records found in tracefile ./coverage/lcov/lcov.info
make: *** [lcov-report] Error 255
