#x       Exact    Computed
0.000000 1.000000 1.000000
0.050000 0.998750 0.998750
0.100000 0.995004 0.995004
0.150000 0.988771 0.988771
0.200000 0.980067 0.980067
0.250000 0.968912 0.968912
0.300000 0.955336 0.955336
0.350000 0.939373 0.939373
0.400000 0.921061 0.921061
0.450000 0.900447 0.900447
0.500000 0.877583 0.877583
0.550000 0.852525 0.852525
0.600000 0.825336 0.825336
0.650000 0.796084 0.796084
0.700000 0.764842 0.764842
0.750000 0.731689 0.731689
0.800000 0.696707 0.696707
0.850000 0.659983 0.659983
0.900000 0.621610 0.621610
0.950000 0.581683 0.581683
1.000000 0.540302 0.540302
1.050000 0.998750 0.998750
1.100000 0.997502 0.997504
1.150000 0.993761 0.993763
1.200000 0.987535 0.987539
1.250000 0.978842 0.978846
1.300000 0.967702 0.967706
1.350000 0.954143 0.954147
1.400000 0.938199 0.938204
1.450000 0.919910 0.919915
1.500000 0.899322 0.899327
1.550000 0.876486 0.876491
1.600000 0.851459 0.851464
1.650000 0.824304 0.824309
1.700000 0.795089 0.795093
1.750000 0.763886 0.763891
1.800000 0.730774 0.730778
1.850000 0.695836 0.695839
1.900000 0.659158 0.659161
1.950000 0.620833 0.620835
2.000000 0.580956 0.580957
2.050000 0.539627 0.539627
2.100000 0.995004 0.995004
2.150000 0.993761 0.993763
2.200000 0.990033 0.990038
2.250000 0.983831 0.983838
2.300000 0.975170 0.975178
2.350000 0.964072 0.964080
2.400000 0.950564 0.950573
2.450000 0.934680 0.934689
2.500000 0.916460 0.916469
2.550000 0.895949 0.895958
2.600000 0.873198 0.873208
2.650000 0.848265 0.848275
2.700000 0.821212 0.821221
2.750000 0.792107 0.792115
2.800000 0.761021 0.761029
2.850000 0.728033 0.728040
2.900000 0.693226 0.693232
2.950000 0.656686 0.656691
3.000000 0.618505 0.618508
3.050000 0.578777 0.578779
3.100000 0.537603 0.537603
3.150000 0.988771 0.988771
3.200000 0.987535 0.987539
3.250000 0.983831 0.983838
3.300000 0.977668 0.977677
3.350000 0.969061 0.969071
3.400000 0.958033 0.958044
3.450000 0.944609 0.944621
3.500000 0.928825 0.928837
3.550000 0.910718 0.910731
3.600000 0.890336 0.890349
3.650000 0.867728 0.867741
3.700000 0.842952 0.842964
3.750000 0.816068 0.816080
3.800000 0.787145 0.787156
3.850000 0.756254 0.756264
3.900000 0.723473 0.723482
3.950000 0.688883 0.688892
4.000000 0.652572 0.652579
4.050000 0.614630 0.614635
4.100000 0.575151 0.575154
4.150000 0.534235 0.534235
4.200000 0.980067 0.980067
4.250000 0.978842 0.978846
4.300000 0.975170 0.975178
4.350000 0.969061 0.969071
4.400000 0.960530 0.960542
4.450000 0.949599 0.949612
4.500000 0.936293 0.936308
4.550000 0.920648 0.920663
4.600000 0.902701 0.902717
4.650000 0.882498 0.882514
4.700000 0.860089 0.860105
4.750000 0.835531 0.835546
4.800000 0.808884 0.808899
4.850000 0.780215 0.780229
4.900000 0.749596 0.749609
4.950000 0.717104 0.717115
5.000000 0.682819 0.682829
5.050000 0.646827 0.646835
5.100000 0.609219 0.609225
5.150000 0.570088 0.570091
5.200000 0.529532 0.529532
5.250000 0.968912 0.968912
5.300000 0.967702 0.967706
5.350000 0.964072 0.964080
5.400000 0.958033 0.958044
5.450000 0.949599 0.949612
5.500000 0.938791 0.938807
5.550000 0.925637 0.925654
5.600000 0.910170 0.910187
5.650000 0.892427 0.892445
5.700000 0.872454 0.872472
5.750000 0.850301 0.850319
5.800000 0.826022 0.826039
5.850000 0.799678 0.799695
5.900000 0.771335 0.771351
5.950000 0.741065 0.741080
6.000000 0.708942 0.708955
6.050000 0.675048 0.675059
6.100000 0.639466 0.639475
6.150000 0.602286 0.602292
6.200000 0.563600 0.563603
6.250000 0.523506 0.523506
6.300000 0.955336 0.955336
6.350000 0.954143 0.954147
6.400000 0.950564 0.950573
6.450000 0.944609 0.944621
6.500000 0.936293 0.936308
6.550000 0.925637 0.925654
6.600000 0.912668 0.912686
6.650000 0.897417 0.897436
6.700000 0.879923 0.879943
6.750000 0.860230 0.860250
6.800000 0.838387 0.838406
6.850000 0.814448 0.814467
6.900000 0.788473 0.788492
6.950000 0.760528 0.760545
7.000000 0.730682 0.730697
7.050000 0.699009 0.699023
7.100000 0.665589 0.665601
7.150000 0.630506 0.630516
7.200000 0.593847 0.593854
7.250000 0.555703 0.555707
7.300000 0.516171 0.516171
7.350000 0.939373 0.939373
7.400000 0.938199 0.938204
7.450000 0.934680 0.934689
7.500000 0.928825 0.928837
7.550000 0.920648 0.920663
7.600000 0.910170 0.910187
7.650000 0.897417 0.897436
7.700000 0.882421 0.882441
7.750000 0.865220 0.865240
7.800000 0.845855 0.845876
7.850000 0.824377 0.824398
7.900000 0.800838 0.800858
7.950000 0.775298 0.775317
8.000000 0.747819 0.747838
8.050000 0.718472 0.718489
8.100000 0.687329 0.687343
8.150000 0.654467 0.654480
8.200000 0.619970 0.619980
8.250000 0.583923 0.583931
8.300000 0.546417 0.546421
8.350000 0.507545 0.507545
8.400000 0.921061 0.921061
8.450000 0.919910 0.919915
8.500000 0.916460 0.916469
8.550000 0.910718 0.910731
8.600000 0.902701 0.902717
8.650000 0.892427 0.892445
8.700000 0.879923 0.879943
8.750000 0.865220 0.865240
8.800000 0.848353 0.848375
8.850000 0.829367 0.829388
8.900000 0.808307 0.808328
8.950000 0.785227 0.785248
9.000000 0.760184 0.760204
9.050000 0.733242 0.733261
9.100000 0.704466 0.704484
9.150000 0.673930 0.673945
9.200000 0.641709 0.641723
9.250000 0.607885 0.607895
9.300000 0.572541 0.572548
9.350000 0.535766 0.535770
9.400000 0.497651 0.497651
9.450000 0.900447 0.900447
9.500000 0.899322 0.899327
9.550000 0.895949 0.895958
9.600000 0.890336 0.890349
9.650000 0.882498 0.882514
9.700000 0.872454 0.872472
9.750000 0.860230 0.860250
9.800000 0.845855 0.845876
9.850000 0.829367 0.829388
9.900000 0.810805 0.810827
9.950000 0.790217 0.790238
10.000000 0.767653 0.767674
10.050000 0.743171 0.743191
10.100000 0.716831 0.716850
10.150000 0.688700 0.688717
10.200000 0.658847 0.658863
10.250000 0.627348 0.627361
10.300000 0.594280 0.594291
10.350000 0.559727 0.559734
10.400000 0.523775 0.523779
10.450000 0.486514 0.486514
10.500000 0.877583 0.877583
10.550000 0.876486 0.876491
10.600000 0.873198 0.873208
10.650000 0.867728 0.867741
10.700000 0.860089 0.860105
10.750000 0.850301 0.850319
10.800000 0.838387 0.838406
10.850000 0.824377 0.824398
10.900000 0.808307 0.808328
10.950000 0.790217 0.790238
11.000000 0.770151 0.770173
11.050000 0.748161 0.748182
11.100000 0.724300 0.724320
11.150000 0.698629 0.698648
11.200000 0.671212 0.671230
11.250000 0.642117 0.642133
11.300000 0.611418 0.611431
11.350000 0.579190 0.579200
11.400000 0.545514 0.545522
11.450000 0.510475 0.510479
11.500000 0.474160 0.474160
11.550000 0.852525 0.852525
11.600000 0.851459 0.851464
11.650000 0.848265 0.848275
11.700000 0.842952 0.842964
11.750000 0.835531 0.835546
11.800000 0.826022 0.826039
11.850000 0.814448 0.814467
11.900000 0.800838 0.800858
11.950000 0.785227 0.785248
12.000000 0.767653 0.767674
12.050000 0.748161 0.748182
12.100000 0.726798 0.726819
12.150000 0.703619 0.703639
12.200000 0.678681 0.678699
12.250000 0.652047 0.652064
12.300000 0.623783 0.623798
12.350000 0.593960 0.593972
12.400000 0.562652 0.562662
12.450000 0.529938 0.529945
12.500000 0.495899 0.495903
12.550000 0.460621 0.460621
12.600000 0.825336 0.825336
12.650000 0.824304 0.824309
12.700000 0.821212 0.821221
12.750000 0.816068 0.816080
12.800000 0.808884 0.808899
12.850000 0.799678 0.799695
12.900000 0.788473 0.788492
12.950000 0.775298 0.775317
13.000000 0.760184 0.760204
13.050000 0.743171 0.743191
13.100000 0.724300 0.724320
13.150000 0.703619 0.703639
13.200000 0.681179 0.681198
13.250000 0.657036 0.657054
13.300000 0.631251 0.631268
13.350000 0.603889 0.603903
13.400000 0.575017 0.575029
13.450000 0.544708 0.544717
13.500000 0.513037 0.513044
13.550000 0.480084 0.480087
13.600000 0.445931 0.445931
13.650000 0.796084 0.796084
13.700000 0.795089 0.795093
13.750000 0.792107 0.792115
13.800000 0.787145 0.787156
13.850000 0.780215 0.780229
13.900000 0.771335 0.771351
13.950000 0.760528 0.760545
14.000000 0.747819 0.747838
14.050000 0.733242 0.733261
14.100000 0.716831 0.716850
14.150000 0.698629 0.698648
14.200000 0.678681 0.678699
14.250000 0.657036 0.657054
14.300000 0.633749 0.633766
14.350000 0.608878 0.608894
14.400000 0.582486 0.582499
14.450000 0.554637 0.554649
14.500000 0.525402 0.525411
14.550000 0.494854 0.494860
14.600000 0.463068 0.463072
14.650000 0.430126 0.430126
14.700000 0.764842 0.764842
14.750000 0.763886 0.763891
14.800000 0.761021 0.761029
14.850000 0.756254 0.756264
14.900000 0.749596 0.749609
14.950000 0.741065 0.741080
15.000000 0.730682 0.730697
15.050000 0.718472 0.718489
15.100000 0.704466 0.704484
15.150000 0.688700 0.688717
15.200000 0.671212 0.671230
15.250000 0.652047 0.652064
15.300000 0.631251 0.631268
15.350000 0.608878 0.608894
15.400000 0.584984 0.584998
15.450000 0.559627 0.559639
15.500000 0.532871 0.532881
15.550000 0.504783 0.504792
15.600000 0.475434 0.475440
15.650000 0.444896 0.444899
15.700000 0.413246 0.413246
15.750000 0.731689 0.731689
15.800000 0.730774 0.730778
15.850000 0.728033 0.728040
15.900000 0.723473 0.723482
15.950000 0.717104 0.717115
16.000000 0.708942 0.708955
16.050000 0.699009 0.699023
16.100000 0.687329 0.687343
16.150000 0.673930 0.673945
16.200000 0.658847 0.658863
16.250000 0.642117 0.642133
16.300000 0.623783 0.623798
16.350000 0.603889 0.603903
16.400000 0.582486 0.582499
16.450000 0.559627 0.559639
16.500000 0.535369 0.535380
16.550000 0.509773 0.509782
16.600000 0.482902 0.482910
16.650000 0.454825 0.454831
16.700000 0.425611 0.425614
16.750000 0.395333 0.395333
16.800000 0.696707 0.696707
16.850000 0.695836 0.695839
16.900000 0.693226 0.693232
16.950000 0.688883 0.688892
17.000000 0.682819 0.682829
17.050000 0.675048 0.675059
17.100000 0.665589 0.665601
17.150000 0.654467 0.654480
17.200000 0.641709 0.641723
17.250000 0.627348 0.627361
17.300000 0.611418 0.611431
17.350000 0.593960 0.593972
17.400000 0.575017 0.575029
17.450000 0.554637 0.554649
17.500000 0.532871 0.532881
17.550000 0.509773 0.509782
17.600000 0.485400 0.485408
17.650000 0.459815 0.459821
17.700000 0.433080 0.433085
17.750000 0.405263 0.405265
17.800000 0.376432 0.376432
17.850000 0.659983 0.659983
17.900000 0.659158 0.659161
17.950000 0.656686 0.656691
18.000000 0.652572 0.652579
18.050000 0.646827 0.646835
18.100000 0.639466 0.639475
18.150000 0.630506 0.630516
18.200000 0.619970 0.619980
18.250000 0.607885 0.607895
18.300000 0.594280 0.594291
18.350000 0.579190 0.579200
18.400000 0.562652 0.562662
18.450000 0.544708 0.544717
18.500000 0.525402 0.525411
18.550000 0.504783 0.504792
18.600000 0.482902 0.482910
18.650000 0.459815 0.459821
18.700000 0.435578 0.435583
18.750000 0.410252 0.410256
18.800000 0.383901 0.383903
18.850000 0.356590 0.356590
18.900000 0.621610 0.621610
18.950000 0.620833 0.620835
19.000000 0.618505 0.618508
19.050000 0.614630 0.614635
19.100000 0.609219 0.609225
19.150000 0.602286 0.602292
19.200000 0.593847 0.593854
19.250000 0.583923 0.583931
19.300000 0.572541 0.572548
19.350000 0.559727 0.559734
19.400000 0.545514 0.545522
19.450000 0.529938 0.529945
19.500000 0.513037 0.513044
19.550000 0.494854 0.494860
19.600000 0.475434 0.475440
19.650000 0.454825 0.454831
19.700000 0.433080 0.433085
19.750000 0.410252 0.410256
19.800000 0.386399 0.386402
19.850000 0.361580 0.361582
19.900000 0.335857 0.335857
19.950000 0.581683 0.581683
20.000000 0.580956 0.580957
20.050000 0.578777 0.578779
20.100000 0.575151 0.575154
20.150000 0.570088 0.570091
20.200000 0.563600 0.563603
20.250000 0.555703 0.555707
20.300000 0.546417 0.546421
20.350000 0.535766 0.535770
20.400000 0.523775 0.523779
20.450000 0.510475 0.510479
20.500000 0.495899 0.495903
20.550000 0.480084 0.480087
20.600000 0.463068 0.463072
20.650000 0.444896 0.444899
20.700000 0.425611 0.425614
20.750000 0.405263 0.405265
20.800000 0.383901 0.383903
20.850000 0.361580 0.361582
20.900000 0.338355 0.338356
20.950000 0.314285 0.314285
21.000000 0.540302 0.540302
21.050000 0.539627 0.539627
21.100000 0.537603 0.537603
21.150000 0.534235 0.534235
21.200000 0.529532 0.529532
21.250000 0.523506 0.523506
21.300000 0.516171 0.516171
21.350000 0.507545 0.507545
21.400000 0.497651 0.497651
21.450000 0.486514 0.486514
21.500000 0.474160 0.474160
21.550000 0.460621 0.460621
21.600000 0.445931 0.445931
21.650000 0.430126 0.430126
21.700000 0.413246 0.413246
21.750000 0.395333 0.395333
21.800000 0.376432 0.376432
21.850000 0.356590 0.356590
21.900000 0.335857 0.335857
21.950000 0.314285 0.314285
22.000000 0.291927 0.291927
